<?xml version="1.0" encoding="UTF-8"?>
<!-- Generated by org.testng.reporters.JUnitXMLReporter -->
<testsuite hostname="MEHUL-PC" ignored="0" name="Default test" tests="4" failures="0" timestamp="16 Jan 2019 16:51:36 GMT" time="3.733" errors="0">
  <testcase name="@BeforeClass BeforeClass" time="3.381" classname="storePO.HomePageTest">
    <failure type="java.lang.AssertionError" message="Page Not Loaded. expected [Avactis Demo Store] but found []">
      <![CDATA[java.lang.AssertionError: Page Not Loaded. expected [Avactis Demo Store] but found []
at org.testng.Assert.fail(Assert.java:96)
at org.testng.Assert.failNotEquals(Assert.java:776)
at org.testng.Assert.assertEqualsImpl(Assert.java:137)
at org.testng.Assert.assertEquals(Assert.java:118)
at org.testng.Assert.assertEquals(Assert.java:453)
at storePO.HomePagePO.isLoaded(HomePagePO.java:152)
at org.openqa.selenium.support.ui.LoadableComponent.get(LoadableComponent.java:52)
at storePO.HomePageTest.BeforeClass(HomePageTest.java:35)
at sun.reflect.NativeMethodAccessorImpl.invoke0(Native Method)
at sun.reflect.NativeMethodAccessorImpl.invoke(NativeMethodAccessorImpl.java:62)
at sun.reflect.DelegatingMethodAccessorImpl.invoke(DelegatingMethodAccessorImpl.java:43)
at java.lang.reflect.Method.invoke(Method.java:498)
at org.testng.internal.MethodInvocationHelper.invokeMethod(MethodInvocationHelper.java:124)
at org.testng.internal.MethodInvocationHelper.invokeMethodConsideringTimeout(MethodInvocationHelper.java:59)
at org.testng.internal.Invoker.invokeConfigurationMethod(Invoker.java:458)
at org.testng.internal.Invoker.invokeConfigurations(Invoker.java:222)
at org.testng.internal.Invoker.invokeConfigurations(Invoker.java:142)
at org.testng.internal.TestMethodWorker.invokeBeforeClassMethods(TestMethodWorker.java:168)
at org.testng.internal.TestMethodWorker.run(TestMethodWorker.java:105)
at org.testng.TestRunner.privateRun(TestRunner.java:648)
at org.testng.TestRunner.run(TestRunner.java:505)
at org.testng.SuiteRunner.runTest(SuiteRunner.java:455)
at org.testng.SuiteRunner.runSequentially(SuiteRunner.java:450)
at org.testng.SuiteRunner.privateRun(SuiteRunner.java:415)
at org.testng.SuiteRunner.run(SuiteRunner.java:364)
at org.testng.SuiteRunnerWorker.runSuite(SuiteRunnerWorker.java:52)
at org.testng.SuiteRunnerWorker.run(SuiteRunnerWorker.java:84)
at org.testng.TestNG.runSuitesSequentially(TestNG.java:1208)
at org.testng.TestNG.runSuitesLocally(TestNG.java:1137)
at org.testng.TestNG.runSuites(TestNG.java:1049)
at org.testng.TestNG.run(TestNG.java:1017)
at org.testng.remote.AbstractRemoteTestNG.run(AbstractRemoteTestNG.java:114)
at org.testng.remote.RemoteTestNG.initAndRun(RemoteTestNG.java:251)
at org.testng.remote.RemoteTestNG.main(RemoteTestNG.java:77)
]]>
    </failure>
  </testcase> <!-- @BeforeClass BeforeClass -->
  <testcase name="@AfterClass AfterClass" time="0.0" classname="storePO.HomePageTest">
    <skipped/>
  </testcase> <!-- @AfterClass AfterClass -->
  <testcase name="RegisterPage" time="0.0" classname="storePO.HomePageTest">
    <skipped/>
  </testcase> <!-- RegisterPage -->
  <testcase name="purchaseTest" time="0.0" classname="storePO.HomePageTest">
    <skipped/>
  </testcase> <!-- purchaseTest -->
  <testcase name="purchaseTest" time="0.0" classname="storePO.HomePageTest">
    <skipped/>
  </testcase> <!-- purchaseTest -->
  <testcase name="purchaseTest" time="0.0" classname="storePO.HomePageTest">
    <skipped/>
  </testcase> <!-- purchaseTest -->
</testsuite> <!-- Default test -->
